0 info it worked if it ends with ok
1 verbose cli [ 'node',
1 verbose cli   '/usr/local/bin/npm',
1 verbose cli   'install',
1 verbose cli   '-g',
1 verbose cli   'generator-chrome-extension' ]
2 info using npm@2.0.2
3 info using node@v0.10.22
4 verbose cache add [ 'generator-chrome-extension', null ]
5 verbose cache add spec="generator-chrome-extension" args=["generator-chrome-extension",null]
6 verbose parsed spec { raw: 'generator-chrome-extension',
6 verbose parsed spec   scope: null,
6 verbose parsed spec   name: 'generator-chrome-extension',
6 verbose parsed spec   rawSpec: '',
6 verbose parsed spec   spec: '*',
6 verbose parsed spec   type: 'range' }
7 verbose parsed spec { raw: 'generator-chrome-extension',
7 verbose parsed spec   scope: null,
7 verbose parsed spec   name: 'generator-chrome-extension',
7 verbose parsed spec   rawSpec: '',
7 verbose parsed spec   spec: '*',
7 verbose parsed spec   type: 'range' }
8 verbose addNamed [ 'generator-chrome-extension', '*' ]
9 verbose addNamed [ null, '*' ]
10 silly lockFile 942113fa-generator-chrome-extension generator-chrome-extension@*
11 verbose lock generator-chrome-extension@* /Users/anthonyjmay/.npm/942113fa-generator-chrome-extension.lock
12 silly addNameRange { name: 'generator-chrome-extension',
12 silly addNameRange   range: '*',
12 silly addNameRange   hasData: false }
13 verbose mapToRegistry name generator-chrome-extension
14 verbose mapToRegistry uri https://registry.npmjs.org/generator-chrome-extension
15 verbose request on initialization, where is /generator-chrome-extension
16 verbose request after pass 1, where is /generator-chrome-extension
17 verbose request url raw /generator-chrome-extension
18 verbose request resolving registry [ 'https://registry.npmjs.org/',
18 verbose request   './generator-chrome-extension' ]
19 verbose request after pass 2, where is https://registry.npmjs.org/generator-chrome-extension
20 verbose request no auth needed
21 info attempt registry request try #1 at 22:02:38
22 verbose request id 055faf7819b0e51f
23 http request GET https://registry.npmjs.org/generator-chrome-extension
24 http 200 https://registry.npmjs.org/generator-chrome-extension
25 silly registry.get cb [ 200,
25 silly registry.get   { date: 'Wed, 05 Nov 2014 11:02:40 GMT',
25 silly registry.get     server: 'CouchDB/1.5.0 (Erlang OTP/R16B03)',
25 silly registry.get     etag: '"3JYEBRGFL3KZRHM0UTUMXWV18"',
25 silly registry.get     'content-type': 'application/json',
25 silly registry.get     'cache-control': 'max-age=60',
25 silly registry.get     'content-length': '24555',
25 silly registry.get     'accept-ranges': 'bytes',
25 silly registry.get     via: '1.1 varnish',
25 silly registry.get     age: '0',
25 silly registry.get     'x-served-by': 'cache-syd1621-SYD',
25 silly registry.get     'x-cache': 'MISS',
25 silly registry.get     'x-cache-hits': '0',
25 silly registry.get     'x-timer': 'S1415185359.668974,VS0,VE476',
25 silly registry.get     vary: 'Accept',
25 silly registry.get     'keep-alive': 'timeout=10, max=50',
25 silly registry.get     connection: 'Keep-Alive' } ]
26 silly addNameRange number 2 { name: 'generator-chrome-extension', range: '*', hasData: true }
27 silly addNameRange versions [ 'generator-chrome-extension',
27 silly addNameRange   [ '0.1.0',
27 silly addNameRange     '0.1.1',
27 silly addNameRange     '0.2.0',
27 silly addNameRange     '0.2.1',
27 silly addNameRange     '0.2.2',
27 silly addNameRange     '0.2.3',
27 silly addNameRange     '0.2.4',
27 silly addNameRange     '0.2.5',
27 silly addNameRange     '0.2.6',
27 silly addNameRange     '0.2.7',
27 silly addNameRange     '0.2.8',
27 silly addNameRange     '0.2.9',
27 silly addNameRange     '0.2.10',
27 silly addNameRange     '0.2.11' ] ]
28 verbose addNamed [ 'generator-chrome-extension', '0.2.11' ]
29 verbose addNamed [ '0.2.11', '0.2.11' ]
30 silly lockFile 6781fe3d-enerator-chrome-extension-0-2-11 generator-chrome-extension@0.2.11
31 verbose lock generator-chrome-extension@0.2.11 /Users/anthonyjmay/.npm/6781fe3d-enerator-chrome-extension-0-2-11.lock
32 silly lockFile 9e2e669e-ator-chrome-extension-0-2-11-tgz https://registry.npmjs.org/generator-chrome-extension/-/generator-chrome-extension-0.2.11.tgz
33 verbose lock https://registry.npmjs.org/generator-chrome-extension/-/generator-chrome-extension-0.2.11.tgz /Users/anthonyjmay/.npm/9e2e669e-ator-chrome-extension-0-2-11-tgz.lock
34 verbose addRemoteTarball [ 'https://registry.npmjs.org/generator-chrome-extension/-/generator-chrome-extension-0.2.11.tgz',
34 verbose addRemoteTarball   'ebd1868481f666604608d276180c39786f154831' ]
35 info retry fetch attempt 1 at 22:02:40
36 info attempt registry request try #1 at 22:02:40
37 http fetch GET https://registry.npmjs.org/generator-chrome-extension/-/generator-chrome-extension-0.2.11.tgz
38 http fetch 200 https://registry.npmjs.org/generator-chrome-extension/-/generator-chrome-extension-0.2.11.tgz
39 silly fetchAndShaCheck shasum ebd1868481f666604608d276180c39786f154831
40 silly lockFile 9e2e669e-ator-chrome-extension-0-2-11-tgz https://registry.npmjs.org/generator-chrome-extension/-/generator-chrome-extension-0.2.11.tgz
41 silly lockFile 9e2e669e-ator-chrome-extension-0-2-11-tgz https://registry.npmjs.org/generator-chrome-extension/-/generator-chrome-extension-0.2.11.tgz
42 silly lockFile 6781fe3d-enerator-chrome-extension-0-2-11 generator-chrome-extension@0.2.11
43 silly lockFile 6781fe3d-enerator-chrome-extension-0-2-11 generator-chrome-extension@0.2.11
44 silly lockFile 942113fa-generator-chrome-extension generator-chrome-extension@*
45 silly lockFile 942113fa-generator-chrome-extension generator-chrome-extension@*
46 silly resolved [ { name: 'generator-chrome-extension',
46 silly resolved     version: '0.2.11',
46 silly resolved     description: 'Yeoman generator for Chrome Extensions',
46 silly resolved     keywords: [ 'yeoman-generator', 'chrome', 'extension', 'addon' ],
46 silly resolved     author: { name: 'The Yeoman Team' },
46 silly resolved     main: 'app/index.js',
46 silly resolved     repository:
46 silly resolved      { type: 'git',
46 silly resolved        url: 'git://github.com/yeoman/generator-chrome-extension.git' },
46 silly resolved     scripts: { test: 'mocha --reporter spec' },
46 silly resolved     dependencies: { 'yeoman-generator': '^0.17.0' },
46 silly resolved     peerDependencies: { 'generator-mocha': '>=0.1.1', yo: '>=1.0.0' },
46 silly resolved     devDependencies: { mocha: '*', underscore: '^1.6.0' },
46 silly resolved     engines: { node: '>=0.10.0', npm: '>=1.2.10' },
46 silly resolved     licenses: [ [Object] ],
46 silly resolved     gitHead: '4b791aed8c051ae3a73637914045526e579d1de4',
46 silly resolved     bugs: { url: 'https://github.com/yeoman/generator-chrome-extension/issues' },
46 silly resolved     homepage: 'https://github.com/yeoman/generator-chrome-extension',
46 silly resolved     _id: 'generator-chrome-extension@0.2.11',
46 silly resolved     _shasum: 'ebd1868481f666604608d276180c39786f154831',
46 silly resolved     _from: 'generator-chrome-extension@*',
46 silly resolved     _npmVersion: '1.5.0-alpha-1',
46 silly resolved     _npmUser: { name: 'ragingwind', email: 'ragingwind@gmail.com' },
46 silly resolved     maintainers:
46 silly resolved      [ [Object],
46 silly resolved        [Object],
46 silly resolved        [Object],
46 silly resolved        [Object],
46 silly resolved        [Object],
46 silly resolved        [Object],
46 silly resolved        [Object],
46 silly resolved        [Object] ],
46 silly resolved     dist:
46 silly resolved      { shasum: 'ebd1868481f666604608d276180c39786f154831',
46 silly resolved        tarball: 'http://registry.npmjs.org/generator-chrome-extension/-/generator-chrome-extension-0.2.11.tgz' },
46 silly resolved     directories: {},
46 silly resolved     _resolved: 'https://registry.npmjs.org/generator-chrome-extension/-/generator-chrome-extension-0.2.11.tgz' } ]
47 info install generator-chrome-extension@0.2.11 into /usr/local/lib
48 info installOne generator-chrome-extension@0.2.11
49 verbose lib/node_modules/generator-chrome-extension unbuild
50 verbose gentlyRm vacuuming /usr/local/lib/node_modules/generator-chrome-extension
51 verbose tar unpack /Users/anthonyjmay/.npm/generator-chrome-extension/0.2.11/package.tgz
52 silly lockFile 3cfaa3f5-dules-generator-chrome-extension tar:///usr/local/lib/node_modules/generator-chrome-extension
53 verbose lock tar:///usr/local/lib/node_modules/generator-chrome-extension /Users/anthonyjmay/.npm/3cfaa3f5-dules-generator-chrome-extension.lock
54 silly lockFile e5c9fad2-ome-extension-0-2-11-package-tgz tar:///Users/anthonyjmay/.npm/generator-chrome-extension/0.2.11/package.tgz
55 verbose lock tar:///Users/anthonyjmay/.npm/generator-chrome-extension/0.2.11/package.tgz /Users/anthonyjmay/.npm/e5c9fad2-ome-extension-0-2-11-package-tgz.lock
56 verbose gentlyRm vacuuming /usr/local/lib/node_modules/generator-chrome-extension
57 silly gunzTarPerm modes [ '755', '644' ]
58 verbose fstream_path /usr/local/lib/node_modules/generator-chrome-extension
59 verbose fstream_type Directory
60 verbose fstream_class DirWriter
61 verbose stack Error: EACCES, mkdir '/usr/local/lib/node_modules/generator-chrome-extension'
62 verbose fstream_stack /usr/local/lib/node_modules/npm/node_modules/fstream/lib/dir-writer.js:36:23
62 verbose fstream_stack /usr/local/lib/node_modules/npm/node_modules/mkdirp/index.js:46:53
62 verbose fstream_stack Object.oncomplete (fs.js:107:15)
63 verbose cwd /Users/anthonyjmay/filter-io
64 error Darwin 14.0.0
65 error argv "node" "/usr/local/bin/npm" "install" "-g" "generator-chrome-extension"
66 error node v0.10.22
67 error npm  v2.0.2
68 error path /usr/local/lib/node_modules/generator-chrome-extension
69 error code EACCES
70 error errno 3
71 error Error: EACCES, mkdir '/usr/local/lib/node_modules/generator-chrome-extension'
71 error  { [Error: EACCES, mkdir '/usr/local/lib/node_modules/generator-chrome-extension']
71 error   errno: 3,
71 error   code: 'EACCES',
71 error   path: '/usr/local/lib/node_modules/generator-chrome-extension',
71 error   fstream_type: 'Directory',
71 error   fstream_path: '/usr/local/lib/node_modules/generator-chrome-extension',
71 error   fstream_class: 'DirWriter',
71 error   fstream_stack:
71 error    [ '/usr/local/lib/node_modules/npm/node_modules/fstream/lib/dir-writer.js:36:23',
71 error      '/usr/local/lib/node_modules/npm/node_modules/mkdirp/index.js:46:53',
71 error      'Object.oncomplete (fs.js:107:15)' ] }
72 error Please try running this command again as root/Administrator.
73 verbose exit [ 3, true ]
