2014-01-21T07:46:01+00:00 NOTICE (5): Untranslated message within 'en': 
2014-01-21T07:46:01+00:00 NOTICE (5): Untranslated message within 'en': 
2014-01-21T07:46:01+00:00 NOTICE (5): Untranslated message within 'en': 
2014-01-21T07:46:13+00:00 NOTICE (5): Untranslated message within 'en': 
2014-01-21T07:46:13+00:00 NOTICE (5): Untranslated message within 'en': pagetitle-core-index-admin-index
2014-01-21T07:46:13+00:00 NOTICE (5): Untranslated message within 'en': 
2014-01-21T07:46:13+00:00 NOTICE (5): Untranslated message within 'en': 
2014-01-21T07:46:13+00:00 NOTICE (5): Untranslated message within 'en': Twitter Integration
2014-01-21T07:46:13+00:00 NOTICE (5): Untranslated message within 'en': Janrain Integration
2014-01-21T07:46:13+00:00 NOTICE (5): Untranslated message within 'en': Storage System
2014-01-21T07:46:13+00:00 NOTICE (5): Untranslated message within 'en': SE Affiliate Program
2014-01-21T07:46:13+00:00 NOTICE (5): Untranslated message within 'en': VigLink
2014-01-21T07:46:13+00:00 NOTICE (5): Untranslated message within 'en': 
2014-01-21T07:46:13+00:00 NOTICE (5): Untranslated message within 'en': Twitter Integration
2014-01-21T07:46:13+00:00 NOTICE (5): Untranslated message within 'en': Janrain Integration
2014-01-21T07:46:13+00:00 NOTICE (5): Untranslated message within 'en': Storage System
2014-01-21T07:46:13+00:00 NOTICE (5): Untranslated message within 'en': SE Affiliate Program
2014-01-21T07:46:13+00:00 NOTICE (5): Untranslated message within 'en': VigLink
2014-01-21T07:46:13+00:00 NOTICE (5): Untranslated message within 'en': 
2014-01-21T07:46:17+00:00 NOTICE (5): Untranslated message within 'en': 
2014-01-21T07:46:17+00:00 NOTICE (5): Untranslated message within 'en': 
2014-01-21T07:46:17+00:00 NOTICE (5): Untranslated message within 'en': 
2014-01-21T07:46:29+00:00 NOTICE (5): Untranslated message within 'en': 
2014-01-21T07:46:29+00:00 NOTICE (5): Untranslated message within 'en': pagetitle-core-index-admin-index
2014-01-21T07:46:29+00:00 NOTICE (5): Untranslated message within 'en': 
2014-01-21T07:46:29+00:00 NOTICE (5): Untranslated message within 'en': 
2014-01-21T07:46:29+00:00 NOTICE (5): Untranslated message within 'en': Twitter Integration
2014-01-21T07:46:29+00:00 NOTICE (5): Untranslated message within 'en': Janrain Integration
2014-01-21T07:46:29+00:00 NOTICE (5): Untranslated message within 'en': Storage System
2014-01-21T07:46:29+00:00 NOTICE (5): Untranslated message within 'en': SE Affiliate Program
2014-01-21T07:46:29+00:00 NOTICE (5): Untranslated message within 'en': VigLink
2014-01-21T07:46:29+00:00 NOTICE (5): Untranslated message within 'en': 
2014-01-21T07:46:29+00:00 NOTICE (5): Untranslated message within 'en': Twitter Integration
2014-01-21T07:46:29+00:00 NOTICE (5): Untranslated message within 'en': Janrain Integration
2014-01-21T07:46:29+00:00 NOTICE (5): Untranslated message within 'en': Storage System
2014-01-21T07:46:29+00:00 NOTICE (5): Untranslated message within 'en': SE Affiliate Program
2014-01-21T07:46:29+00:00 NOTICE (5): Untranslated message within 'en': VigLink
2014-01-21T07:46:29+00:00 NOTICE (5): Untranslated message within 'en': 
2014-01-21T07:47:01+00:00 NOTICE (5): Untranslated message within 'en': 
2014-01-21T07:47:01+00:00 NOTICE (5): Untranslated message within 'en': 
2014-01-21T07:47:01+00:00 NOTICE (5): Untranslated message within 'en': 
2014-01-21T07:47:11+00:00 NOTICE (5): Untranslated message within 'en': 
2014-01-21T07:47:11+00:00 NOTICE (5): Untranslated message within 'en': pagetitle-core-index-admin-index
2014-01-21T07:47:11+00:00 NOTICE (5): Untranslated message within 'en': 
2014-01-21T07:47:11+00:00 NOTICE (5): Untranslated message within 'en': 
2014-01-21T07:47:11+00:00 NOTICE (5): Untranslated message within 'en': Twitter Integration
2014-01-21T07:47:11+00:00 NOTICE (5): Untranslated message within 'en': Janrain Integration
2014-01-21T07:47:11+00:00 NOTICE (5): Untranslated message within 'en': Storage System
2014-01-21T07:47:11+00:00 NOTICE (5): Untranslated message within 'en': SE Affiliate Program
2014-01-21T07:47:11+00:00 NOTICE (5): Untranslated message within 'en': VigLink
2014-01-21T07:47:11+00:00 NOTICE (5): Untranslated message within 'en': 
2014-01-21T07:47:11+00:00 NOTICE (5): Untranslated message within 'en': Twitter Integration
2014-01-21T07:47:11+00:00 NOTICE (5): Untranslated message within 'en': Janrain Integration
2014-01-21T07:47:11+00:00 NOTICE (5): Untranslated message within 'en': Storage System
2014-01-21T07:47:11+00:00 NOTICE (5): Untranslated message within 'en': SE Affiliate Program
2014-01-21T07:47:11+00:00 NOTICE (5): Untranslated message within 'en': VigLink
2014-01-21T07:47:11+00:00 NOTICE (5): Untranslated message within 'en': 
2014-01-22T10:06:31+00:00 NOTICE (5): Untranslated message within 'en': 
2014-01-22T10:06:31+00:00 NOTICE (5): Untranslated message within 'en': 
2014-01-22T10:06:31+00:00 NOTICE (5): Untranslated message within 'en': 
2014-01-22T10:06:40+00:00 NOTICE (5): Untranslated message within 'en': 
2014-01-22T10:06:40+00:00 NOTICE (5): Untranslated message within 'en': pagetitle-core-index-admin-index
2014-01-22T10:06:40+00:00 NOTICE (5): Untranslated message within 'en': 
2014-01-22T10:06:40+00:00 NOTICE (5): Untranslated message within 'en': 
2014-01-22T10:06:40+00:00 NOTICE (5): Untranslated message within 'en': Twitter Integration
2014-01-22T10:06:40+00:00 NOTICE (5): Untranslated message within 'en': Janrain Integration
2014-01-22T10:06:40+00:00 NOTICE (5): Untranslated message within 'en': Storage System
2014-01-22T10:06:40+00:00 NOTICE (5): Untranslated message within 'en': SE Affiliate Program
2014-01-22T10:06:40+00:00 NOTICE (5): Untranslated message within 'en': VigLink
2014-01-22T10:06:40+00:00 NOTICE (5): Untranslated message within 'en': 
2014-01-22T10:06:40+00:00 NOTICE (5): Untranslated message within 'en': Twitter Integration
2014-01-22T10:06:40+00:00 NOTICE (5): Untranslated message within 'en': Janrain Integration
2014-01-22T10:06:40+00:00 NOTICE (5): Untranslated message within 'en': Storage System
2014-01-22T10:06:40+00:00 NOTICE (5): Untranslated message within 'en': SE Affiliate Program
2014-01-22T10:06:40+00:00 NOTICE (5): Untranslated message within 'en': VigLink
2014-01-22T10:06:40+00:00 NOTICE (5): Untranslated message within 'en': 
2014-01-22T10:06:59+00:00 NOTICE (5): Untranslated message within 'en': 
2014-01-22T10:06:59+00:00 NOTICE (5): Untranslated message within 'en': 1 Member Online
2014-01-22T10:06:59+00:00 NOTICE (5): Untranslated message within 'en': Anthony May
2014-01-22T10:06:59+00:00 NOTICE (5): Untranslated message within 'en': Anthony May
2014-01-22T10:06:59+00:00 NOTICE (5): Untranslated message within 'en': Anthony May
2014-01-22T10:06:59+00:00 NOTICE (5): Untranslated message within 'en': Anthony May
2014-01-22T10:06:59+00:00 NOTICE (5): Untranslated message within 'en': Anthony May
2014-01-22T10:06:59+00:00 NOTICE (5): Untranslated message within 'en': Landing Page
2014-01-22T10:06:59+00:00 NOTICE (5): Untranslated message within 'en': This is your site's landing page.
2014-01-22T10:06:59+00:00 NOTICE (5): Untranslated message within 'en': pagetitle-core-index-index
2014-01-22T10:06:59+00:00 NOTICE (5): Untranslated message within 'en': HooZoo
2014-01-22T10:06:59+00:00 NOTICE (5): Untranslated message within 'en': 
2014-01-22T10:06:59+00:00 NOTICE (5): Untranslated message within 'en': 
2014-01-22T10:06:59+00:00 NOTICE (5): Untranslated message within 'en': 
2014-01-22T10:06:59+00:00 NOTICE (5): Untranslated message within 'en': 
2014-01-22T10:07:10+00:00 NOTICE (5): Untranslated message within 'en': 
2014-01-22T10:07:10+00:00 NOTICE (5): Untranslated message within 'en': 
2014-01-22T10:07:10+00:00 NOTICE (5): Untranslated message within 'en': 2 Members Online
2014-01-22T10:07:10+00:00 NOTICE (5): Untranslated message within 'en': Member Home Page
2014-01-22T10:07:10+00:00 NOTICE (5): Untranslated message within 'en': pagetitle-user-home-index
2014-01-22T10:07:10+00:00 NOTICE (5): Untranslated message within 'en': HooZoo
2014-01-22T10:07:10+00:00 NOTICE (5): Untranslated message within 'en': 
2014-01-22T10:07:10+00:00 NOTICE (5): Untranslated message within 'en': 
2014-01-22T10:07:10+00:00 NOTICE (5): Untranslated message within 'en': 
2014-01-22T10:07:11+00:00 NOTICE (5): Untranslated message within 'en': 
2014-01-22T10:07:25+00:00 NOTICE (5): Untranslated message within 'en': pagetitle-question-browse-index
2014-01-22T10:07:25+00:00 NOTICE (5): Untranslated message within 'en': HooZoo
2014-01-22T10:07:25+00:00 NOTICE (5): Untranslated message within 'en': 
2014-01-22T10:07:25+00:00 NOTICE (5): Untranslated message within 'en': 
2014-01-22T10:07:25+00:00 NOTICE (5): Untranslated message within 'en': 
2014-01-22T10:07:25+00:00 NOTICE (5): Untranslated message within 'en': 
2014-01-22T10:34:31+00:00 NOTICE (5): Untranslated message within 'en': <em>Ex. "My First Question"</em>
2014-01-22T10:34:31+00:00 NOTICE (5): Untranslated message within 'en': Create
2014-01-22T10:34:31+00:00 NOTICE (5): Untranslated message within 'en': Please set the details of your question post below.
2014-01-22T10:34:31+00:00 NOTICE (5): Untranslated message within 'en': Post a Question
2014-01-22T10:34:31+00:00 NOTICE (5): Untranslated message within 'en': pagetitle-question-create-index
2014-01-22T10:34:31+00:00 NOTICE (5): Untranslated message within 'en': HooZoo
2014-01-22T10:34:31+00:00 NOTICE (5): Untranslated message within 'en': 
2014-01-22T10:34:31+00:00 NOTICE (5): Untranslated message within 'en': 
2014-01-22T10:34:31+00:00 NOTICE (5): Untranslated message within 'en': 
2014-01-22T10:34:31+00:00 NOTICE (5): Untranslated message within 'en': 
2014-01-22T10:35:06+00:00 NOTICE (5): Untranslated message within 'en': 
2014-01-22T10:35:06+00:00 NOTICE (5): Untranslated message within 'en': 
2014-01-22T10:35:06+00:00 NOTICE (5): Untranslated message within 'en': 
2014-01-22T10:35:15+00:00 NOTICE (5): Untranslated message within 'en': 
2014-01-22T10:35:15+00:00 NOTICE (5): Untranslated message within 'en': pagetitle-core-index-admin-index
2014-01-22T10:35:15+00:00 NOTICE (5): Untranslated message within 'en': 
2014-01-22T10:35:15+00:00 NOTICE (5): Untranslated message within 'en': 
2014-01-22T10:35:15+00:00 NOTICE (5): Untranslated message within 'en': Twitter Integration
2014-01-22T10:35:15+00:00 NOTICE (5): Untranslated message within 'en': Janrain Integration
2014-01-22T10:35:15+00:00 NOTICE (5): Untranslated message within 'en': Storage System
2014-01-22T10:35:15+00:00 NOTICE (5): Untranslated message within 'en': SE Affiliate Program
2014-01-22T10:35:15+00:00 NOTICE (5): Untranslated message within 'en': VigLink
2014-01-22T10:35:15+00:00 NOTICE (5): Untranslated message within 'en': 
2014-01-22T10:35:15+00:00 NOTICE (5): Untranslated message within 'en': Twitter Integration
2014-01-22T10:35:15+00:00 NOTICE (5): Untranslated message within 'en': Janrain Integration
2014-01-22T10:35:15+00:00 NOTICE (5): Untranslated message within 'en': Storage System
2014-01-22T10:35:15+00:00 NOTICE (5): Untranslated message within 'en': SE Affiliate Program
2014-01-22T10:35:15+00:00 NOTICE (5): Untranslated message within 'en': VigLink
2014-01-22T10:35:15+00:00 NOTICE (5): Untranslated message within 'en': 
2014-01-22T10:35:26+00:00 NOTICE (5): Untranslated message within 'en': 
2014-01-22T10:35:26+00:00 NOTICE (5): Untranslated message within 'en': 
2014-01-22T10:35:26+00:00 NOTICE (5): Untranslated message within 'en': 
2014-01-22T10:35:39+00:00 NOTICE (5): Untranslated message within 'en': 
2014-01-22T10:35:39+00:00 NOTICE (5): Untranslated message within 'en': pagetitle-core-index-admin-index
2014-01-22T10:35:39+00:00 NOTICE (5): Untranslated message within 'en': 
2014-01-22T10:35:39+00:00 NOTICE (5): Untranslated message within 'en': 
2014-01-22T10:35:39+00:00 NOTICE (5): Untranslated message within 'en': Twitter Integration
2014-01-22T10:35:39+00:00 NOTICE (5): Untranslated message within 'en': Janrain Integration
2014-01-22T10:35:39+00:00 NOTICE (5): Untranslated message within 'en': Storage System
2014-01-22T10:35:39+00:00 NOTICE (5): Untranslated message within 'en': SE Affiliate Program
2014-01-22T10:35:39+00:00 NOTICE (5): Untranslated message within 'en': VigLink
2014-01-22T10:35:39+00:00 NOTICE (5): Untranslated message within 'en': 
2014-01-22T10:35:39+00:00 NOTICE (5): Untranslated message within 'en': Twitter Integration
2014-01-22T10:35:39+00:00 NOTICE (5): Untranslated message within 'en': Janrain Integration
2014-01-22T10:35:39+00:00 NOTICE (5): Untranslated message within 'en': Storage System
2014-01-22T10:35:39+00:00 NOTICE (5): Untranslated message within 'en': SE Affiliate Program
2014-01-22T10:35:39+00:00 NOTICE (5): Untranslated message within 'en': VigLink
2014-01-22T10:35:39+00:00 NOTICE (5): Untranslated message within 'en': 
