Could not read data file
Map: Exporting image
Locate Icon: Exporting image
Author Pin: Exporting image
Author-Location: Exporting image
Pin-1: Exporting image
Pin-2: Exporting image
Pin-3: Exporting image
Pin-4: Exporting image
Pin-5: Exporting image
Pin-6: Exporting image
Pin-7: Exporting image
Overlay: Exporting image
Bottom Bar: Exporting image
Slider: Exporting image
slider-handle: Exporting image
News Feed: Exporting image
Badge-2: Exporting image
Badge: Exporting image
Image: Exporting image
24 views changed
Success: /var/folders/hz/6vxqw37x45jdv0wsxly7k1gh0000gn/T/7492F432-E98E-4AC5-B543-50DAFD733700-3919-00005B556841BA96/01 Map View
